Started GET "/" for 127.0.0.1 at 2018-10-01 23:01:03 -0700
  [1m[35m (4.9ms)[0m  [1m[34mSELECT "schema_migrations"."version" FROM "schema_migrations" ORDER BY "schema_migrations"."version" ASC[0m
  ↳ /Users/julianamorais/.rvm/gems/ruby-2.5.1/gems/activerecord-5.2.0/lib/active_record/log_subscriber.rb:98
Processing by ProjectsController#index as HTML
  Rendering projects/index.html.erb within layouts/application
  [1m[36mProject Load (58.4ms)[0m  [1m[34mSELECT "projects".* FROM "projects" ORDER BY "projects"."created_at" DESC[0m
  ↳ app/views/projects/index.html.erb:11
  [1m[36mUser Load (6.9ms)[0m  [1m[34mSELECT  "users".* FROM "users" WHERE "users"."id" = $1 LIMIT $2[0m  [["id", 6], ["LIMIT", 1]]
  ↳ app/views/projects/index.html.erb:13
  [1m[36mUser Load (2.8ms)[0m  [1m[34mSELECT  "users".* FROM "users" WHERE "users"."id" = $1 ORDER BY "users"."id" ASC LIMIT $2[0m  [["id", 6], ["LIMIT", 1]]
  ↳ app/views/projects/index.html.erb:30
  [1m[36mUser Load (0.5ms)[0m  [1m[34mSELECT  "users".* FROM "users" WHERE "users"."id" = $1 LIMIT $2[0m  [["id", 7], ["LIMIT", 1]]
  ↳ app/views/projects/index.html.erb:13
  [1m[36mCACHE User Load (0.0ms)[0m  [1m[34mSELECT  "users".* FROM "users" WHERE "users"."id" = $1 LIMIT $2[0m  [["id", 6], ["LIMIT", 1]]
  ↳ app/views/projects/index.html.erb:13
  [1m[36mUser Load (0.3ms)[0m  [1m[34mSELECT  "users".* FROM "users" WHERE "users"."id" = $1 LIMIT $2[0m  [["id", 9], ["LIMIT", 1]]
  ↳ app/views/projects/index.html.erb:13
  [1m[36mCACHE User Load (0.0ms)[0m  [1m[34mSELECT  "users".* FROM "users" WHERE "users"."id" = $1 LIMIT $2[0m  [["id", 6], ["LIMIT", 1]]
  ↳ app/views/projects/index.html.erb:13
  [1m[36mCACHE User Load (0.0ms)[0m  [1m[34mSELECT  "users".* FROM "users" WHERE "users"."id" = $1 LIMIT $2[0m  [["id", 6], ["LIMIT", 1]]
  ↳ app/views/projects/index.html.erb:13
  Rendered projects/index.html.erb within layouts/application (230.8ms)
  Rendered partials/_topnav.html.erb (1.8ms)
  Rendered partials/_footer.html.erb (0.5ms)
Completed 200 OK in 22561ms (Views: 22390.2ms | ActiveRecord: 109.7ms)


Started GET "/projects" for 127.0.0.1 at 2018-10-01 23:01:43 -0700
Processing by ProjectsController#index as HTML
  Rendering projects/index.html.erb within layouts/application
  [1m[36mProject Load (3.9ms)[0m  [1m[34mSELECT "projects".* FROM "projects" ORDER BY "projects"."created_at" DESC[0m
  ↳ app/views/projects/index.html.erb:11
  [1m[36mUser Load (1.2ms)[0m  [1m[34mSELECT  "users".* FROM "users" WHERE "users"."id" = $1 LIMIT $2[0m  [["id", 6], ["LIMIT", 1]]
  ↳ app/views/projects/index.html.erb:13
  [1m[36mUser Load (2.7ms)[0m  [1m[34mSELECT  "users".* FROM "users" WHERE "users"."id" = $1 ORDER BY "users"."id" ASC LIMIT $2[0m  [["id", 6], ["LIMIT", 1]]
  ↳ app/views/projects/index.html.erb:30
  [1m[36mUser Load (0.4ms)[0m  [1m[34mSELECT  "users".* FROM "users" WHERE "users"."id" = $1 LIMIT $2[0m  [["id", 7], ["LIMIT", 1]]
  ↳ app/views/projects/index.html.erb:13
  [1m[36mCACHE User Load (0.0ms)[0m  [1m[34mSELECT  "users".* FROM "users" WHERE "users"."id" = $1 LIMIT $2[0m  [["id", 6], ["LIMIT", 1]]
  ↳ app/views/projects/index.html.erb:13
  [1m[36mUser Load (0.4ms)[0m  [1m[34mSELECT  "users".* FROM "users" WHERE "users"."id" = $1 LIMIT $2[0m  [["id", 9], ["LIMIT", 1]]
  ↳ app/views/projects/index.html.erb:13
  [1m[36mCACHE User Load (0.0ms)[0m  [1m[34mSELECT  "users".* FROM "users" WHERE "users"."id" = $1 LIMIT $2[0m  [["id", 6], ["LIMIT", 1]]
  ↳ app/views/projects/index.html.erb:13
  [1m[36mCACHE User Load (0.0ms)[0m  [1m[34mSELECT  "users".* FROM "users" WHERE "users"."id" = $1 LIMIT $2[0m  [["id", 6], ["LIMIT", 1]]
  ↳ app/views/projects/index.html.erb:13
  Rendered projects/index.html.erb within layouts/application (85.3ms)
  Rendered partials/_topnav.html.erb (1.1ms)
  Rendered partials/_footer.html.erb (0.5ms)
Completed 200 OK in 908ms (Views: 884.6ms | ActiveRecord: 9.1ms)


Started GET "/users/6" for 127.0.0.1 at 2018-10-01 23:02:01 -0700
Processing by UsersController#show as HTML
  Parameters: {"id"=>"6"}
  [1m[36mUser Load (5.1ms)[0m  [1m[34mSELECT  "users".* FROM "users" WHERE "users"."id" = $1 LIMIT $2[0m  [["id", 6], ["LIMIT", 1]]
  ↳ app/controllers/users_controller.rb:29
  [1m[36mUser Load (0.8ms)[0m  [1m[34mSELECT  "users".* FROM "users" WHERE "users"."id" = $1 ORDER BY "users"."id" ASC LIMIT $2[0m  [["id", 6], ["LIMIT", 1]]
  ↳ /Users/julianamorais/.rvm/gems/ruby-2.5.1/gems/activerecord-5.2.0/lib/active_record/log_subscriber.rb:98
  [1m[36mCACHE User Load (0.0ms)[0m  [1m[34mSELECT  "users".* FROM "users" WHERE "users"."id" = $1 LIMIT $2[0m  [["id", 6], ["LIMIT", 1]]
  ↳ app/controllers/users_controller.rb:29
  Rendering users/show.html.erb within layouts/application
  [1m[35m (35.9ms)[0m  [1m[34mSELECT COUNT(*) FROM "projects" INNER JOIN "teams" ON "projects"."id" = "teams"."project_id" WHERE "teams"."user_id" = $1[0m  [["user_id", 6]]
  ↳ app/views/users/show.html.erb:26
  [1m[36mTag Load (6.4ms)[0m  [1m[34mSELECT "tags".* FROM "tags" INNER JOIN "taggings" ON "tags"."id" = "taggings"."tag_id" WHERE "taggings"."user_id" = $1[0m  [["user_id", 6]]
  ↳ app/views/users/show.html.erb:41
  [1m[36mProject Load (0.7ms)[0m  [1m[34mSELECT "projects".* FROM "projects" ORDER BY "projects"."created_at" DESC[0m
  ↳ app/views/users/show.html.erb:61
  [1m[36mUser Load (0.4ms)[0m  [1m[34mSELECT  "users".* FROM "users" WHERE "users"."id" = $1 LIMIT $2[0m  [["id", 6], ["LIMIT", 1]]
  ↳ app/views/users/show.html.erb:63
  [1m[36mUser Load (0.3ms)[0m  [1m[34mSELECT  "users".* FROM "users" WHERE "users"."id" = $1 LIMIT $2[0m  [["id", 7], ["LIMIT", 1]]
  ↳ app/views/users/show.html.erb:63
  [1m[36mCACHE User Load (0.0ms)[0m  [1m[34mSELECT  "users".* FROM "users" WHERE "users"."id" = $1 LIMIT $2[0m  [["id", 6], ["LIMIT", 1]]
  ↳ app/views/users/show.html.erb:63
  [1m[36mUser Load (0.3ms)[0m  [1m[34mSELECT  "users".* FROM "users" WHERE "users"."id" = $1 LIMIT $2[0m  [["id", 9], ["LIMIT", 1]]
  ↳ app/views/users/show.html.erb:63
  [1m[36mCACHE User Load (0.0ms)[0m  [1m[34mSELECT  "users".* FROM "users" WHERE "users"."id" = $1 LIMIT $2[0m  [["id", 6], ["LIMIT", 1]]
  ↳ app/views/users/show.html.erb:63
  [1m[36mCACHE User Load (0.0ms)[0m  [1m[34mSELECT  "users".* FROM "users" WHERE "users"."id" = $1 LIMIT $2[0m  [["id", 6], ["LIMIT", 1]]
  ↳ app/views/users/show.html.erb:63
  Rendered users/_shoutouts.html.erb (0.5ms)
  [1m[36mCreateMessage Load (4.2ms)[0m  [1m[34mSELECT "create_messages".* FROM "create_messages" WHERE "create_messages"."is_public" = $1[0m  [["is_public", true]]
  ↳ app/views/users/show.html.erb:119
  [1m[36mCACHE User Load (0.0ms)[0m  [1m[34mSELECT  "users".* FROM "users" WHERE "users"."id" = $1 LIMIT $2[0m  [["id", 7], ["LIMIT", 1]]
  ↳ app/views/users/show.html.erb:121
  [1m[36mCACHE User Load (0.0ms)[0m  [1m[34mSELECT  "users".* FROM "users" WHERE "users"."id" = $1 LIMIT $2[0m  [["id", 9], ["LIMIT", 1]]
  ↳ app/views/users/show.html.erb:121
  [1m[36mCACHE User Load (0.0ms)[0m  [1m[34mSELECT  "users".* FROM "users" WHERE "users"."id" = $1 LIMIT $2[0m  [["id", 9], ["LIMIT", 1]]
  ↳ app/views/users/show.html.erb:121
  [1m[36mCACHE User Load (0.0ms)[0m  [1m[34mSELECT  "users".* FROM "users" WHERE "users"."id" = $1 LIMIT $2[0m  [["id", 7], ["LIMIT", 1]]
  ↳ app/views/users/show.html.erb:155
  [1m[36mCACHE User Load (0.1ms)[0m  [1m[34mSELECT  "users".* FROM "users" WHERE "users"."id" = $1 LIMIT $2[0m  [["id", 9], ["LIMIT", 1]]
  ↳ app/views/users/show.html.erb:155
  [1m[36mCACHE User Load (0.0ms)[0m  [1m[34mSELECT  "users".* FROM "users" WHERE "users"."id" = $1 LIMIT $2[0m  [["id", 9], ["LIMIT", 1]]
  ↳ app/views/users/show.html.erb:155
  Rendered users/show.html.erb within layouts/application (1689.6ms)
  Rendered partials/_topnav.html.erb (0.9ms)
  Rendered partials/_footer.html.erb (0.5ms)
Completed 200 OK in 2289ms (Views: 2113.9ms | ActiveRecord: 86.0ms)


Started GET "/users/edit" for 127.0.0.1 at 2018-10-01 23:03:48 -0700
Processing by RegistrationsController#edit as HTML
  [1m[36mUser Load (2.3ms)[0m  [1m[34mSELECT  "users".* FROM "users" WHERE "users"."id" = $1 ORDER BY "users"."id" ASC LIMIT $2[0m  [["id", 6], ["LIMIT", 1]]
  ↳ /Users/julianamorais/.rvm/gems/ruby-2.5.1/gems/activerecord-5.2.0/lib/active_record/log_subscriber.rb:98
  Rendering devise/registrations/edit.html.erb within layouts/application
  [1m[35m (2.1ms)[0m  [1m[34mSELECT "tags"."id" FROM "tags" INNER JOIN "taggings" ON "tags"."id" = "taggings"."tag_id" WHERE "taggings"."user_id" = $1[0m  [["user_id", 6]]
  ↳ app/views/devise/registrations/edit.html.erb:33
  [1m[36mTag Load (13.9ms)[0m  [1m[34mSELECT "tags".* FROM "tags" ORDER BY "tags"."name" ASC[0m
  ↳ app/views/devise/registrations/edit.html.erb:33
  Rendered devise/registrations/edit.html.erb within layouts/application (112.5ms)
  Rendered partials/_topnav.html.erb (1.3ms)
  Rendered partials/_footer.html.erb (0.5ms)
Completed 200 OK in 1146ms (Views: 1103.1ms | ActiveRecord: 18.3ms)


Started PUT "/users" for 127.0.0.1 at 2018-10-01 23:04:36 -0700
Processing by RegistrationsController#update as HTML
  Parameters: {"utf8"=>"✓", "authenticity_token"=>"yia30jh3rrKoqMdMjW3kAv6Divkhoyj0TFP+MuwXtS0mZjuDdJN12FSlICjutMQinixCJrdnVnj00sCobXu2nA==", "user"=>{"username"=>"julianamartins", "photo"=>"https://scontent.fyvr2-1.fna.fbcdn.net/v/t1.0-9/34699779_1773723696041257_5505189819023622144_n.jpg?_nc_cat=0&oh=207f552ebed18f3e566b81867eeaa308&oe=5C04FAA2", "email"=>"julie@email.gov", "bio"=>"Web Developer Creative Optimistic Logical Curious Resourceful Sailor Universal Happy", "tag_ids"=>["", "20", "22", "1", "12", "19", "10", "15", "26", "25", "21", "4"], "password"=>"[FILTERED]", "password_confirmation"=>"[FILTERED]", "current_password"=>"[FILTERED]"}, "commit"=>"Update"}
  [1m[36mUser Load (2.2ms)[0m  [1m[34mSELECT  "users".* FROM "users" WHERE "users"."id" = $1 ORDER BY "users"."id" ASC LIMIT $2[0m  [["id", 6], ["LIMIT", 1]]
  ↳ /Users/julianamorais/.rvm/gems/ruby-2.5.1/gems/activerecord-5.2.0/lib/active_record/log_subscriber.rb:98
  [1m[36mUser Load (1.7ms)[0m  [1m[34mSELECT  "users".* FROM "users" WHERE "users"."id" = $1 LIMIT $2[0m  [["id", 6], ["LIMIT", 1]]
  ↳ /Users/julianamorais/.rvm/gems/ruby-2.5.1/gems/activerecord-5.2.0/lib/active_record/log_subscriber.rb:98
  [1m[36mTag Load (5.8ms)[0m  [1m[34mSELECT "tags".* FROM "tags" WHERE "tags"."id" IN ($1, $2, $3, $4, $5, $6, $7, $8, $9, $10, $11)[0m  [["id", 20], ["id", 22], ["id", 1], ["id", 12], ["id", 19], ["id", 10], ["id", 15], ["id", 26], ["id", 25], ["id", 21], ["id", 4]]
  ↳ /Users/julianamorais/.rvm/gems/ruby-2.5.1/gems/activerecord-5.2.0/lib/active_record/log_subscriber.rb:98
  [1m[36mTag Load (1.4ms)[0m  [1m[34mSELECT "tags".* FROM "tags" INNER JOIN "taggings" ON "tags"."id" = "taggings"."tag_id" WHERE "taggings"."user_id" = $1[0m  [["user_id", 6]]
  ↳ /Users/julianamorais/.rvm/gems/ruby-2.5.1/gems/activerecord-5.2.0/lib/active_record/log_subscriber.rb:98
  [1m[35m (1.5ms)[0m  [1m[35mBEGIN[0m
  ↳ /Users/julianamorais/.rvm/gems/ruby-2.5.1/gems/activerecord-5.2.0/lib/active_record/log_subscriber.rb:98
  [1m[35m (0.2ms)[0m  [1m[35mCOMMIT[0m
  ↳ /Users/julianamorais/.rvm/gems/ruby-2.5.1/gems/activerecord-5.2.0/lib/active_record/log_subscriber.rb:98
  [1m[36mUser Exists (3.4ms)[0m  [1m[34mSELECT  1 AS one FROM "users" WHERE "users"."email" = $1 AND "users"."id" != $2 LIMIT $3[0m  [["email", "julie@email.gov"], ["id", 6], ["LIMIT", 1]]
  ↳ /Users/julianamorais/.rvm/gems/ruby-2.5.1/gems/activerecord-5.2.0/lib/active_record/log_subscriber.rb:98
  Rendering devise/registrations/edit.html.erb within layouts/application
  [1m[36mTag Load (0.7ms)[0m  [1m[34mSELECT "tags".* FROM "tags" ORDER BY "tags"."name" ASC[0m
  ↳ app/views/devise/registrations/edit.html.erb:33
  Rendered devise/registrations/edit.html.erb within layouts/application (19.8ms)
  Rendered partials/_topnav.html.erb (1.9ms)
  Rendered partials/_footer.html.erb (0.6ms)
Completed 200 OK in 1278ms (Views: 809.0ms | ActiveRecord: 16.8ms)


Started PUT "/users" for 127.0.0.1 at 2018-10-01 23:05:01 -0700
Processing by RegistrationsController#update as HTML
  Parameters: {"utf8"=>"✓", "authenticity_token"=>"AWaadZVqxOcblQRioedgecAK62pCv6cfzmUBNZZmE5ztJhYk2Y4fjeeY4wbCPkBZoKUjtdR72ZN25D+vFwoQLQ==", "user"=>{"username"=>"julianamartins", "photo"=>"https://scontent.fyvr2-1.fna.fbcdn.net/v/t1.0-9/34699779_1773723696041257_5505189819023622144_n.jpg?_nc_cat=0&oh=207f552ebed18f3e566b81867eeaa308&oe=5C04FAA2", "email"=>"julie@email.gov", "bio"=>"Web Developer Creative Optimistic Logical Curious Resourceful Sailor Universal Happy", "tag_ids"=>["", "20", "22", "1", "12", "19", "10", "15", "26", "25", "21", "4"], "password"=>"[FILTERED]", "password_confirmation"=>"[FILTERED]", "current_password"=>"[FILTERED]"}, "commit"=>"Update"}
  [1m[36mUser Load (4.6ms)[0m  [1m[34mSELECT  "users".* FROM "users" WHERE "users"."id" = $1 ORDER BY "users"."id" ASC LIMIT $2[0m  [["id", 6], ["LIMIT", 1]]
  ↳ /Users/julianamorais/.rvm/gems/ruby-2.5.1/gems/activerecord-5.2.0/lib/active_record/log_subscriber.rb:98
  [1m[36mUser Load (1.3ms)[0m  [1m[34mSELECT  "users".* FROM "users" WHERE "users"."id" = $1 LIMIT $2[0m  [["id", 6], ["LIMIT", 1]]
  ↳ /Users/julianamorais/.rvm/gems/ruby-2.5.1/gems/activerecord-5.2.0/lib/active_record/log_subscriber.rb:98
  [1m[35m (0.3ms)[0m  [1m[35mBEGIN[0m
  ↳ /Users/julianamorais/.rvm/gems/ruby-2.5.1/gems/activerecord-5.2.0/lib/active_record/log_subscriber.rb:98
  [1m[36mTag Load (2.5ms)[0m  [1m[34mSELECT "tags".* FROM "tags" WHERE "tags"."id" IN ($1, $2, $3, $4, $5, $6, $7, $8, $9, $10, $11)[0m  [["id", 20], ["id", 22], ["id", 1], ["id", 12], ["id", 19], ["id", 10], ["id", 15], ["id", 26], ["id", 25], ["id", 21], ["id", 4]]
  ↳ /Users/julianamorais/.rvm/gems/ruby-2.5.1/gems/activerecord-5.2.0/lib/active_record/log_subscriber.rb:98
  [1m[36mTag Load (1.9ms)[0m  [1m[34mSELECT "tags".* FROM "tags" INNER JOIN "taggings" ON "tags"."id" = "taggings"."tag_id" WHERE "taggings"."user_id" = $1[0m  [["user_id", 6]]
  ↳ /Users/julianamorais/.rvm/gems/ruby-2.5.1/gems/activerecord-5.2.0/lib/active_record/log_subscriber.rb:98
  [1m[36mUser Exists (1.5ms)[0m  [1m[34mSELECT  1 AS one FROM "users" WHERE "users"."email" = $1 AND "users"."id" != $2 LIMIT $3[0m  [["email", "julie@email.gov"], ["id", 6], ["LIMIT", 1]]
  ↳ /Users/julianamorais/.rvm/gems/ruby-2.5.1/gems/activerecord-5.2.0/lib/active_record/log_subscriber.rb:98
  [1m[36mUser Update (86.5ms)[0m  [1m[33mUPDATE "users" SET "encrypted_password" = $1, "email" = $2, "updated_at" = $3 WHERE "users"."id" = $4[0m  [["encrypted_password", "$2a$11$TfN0sOCNWwiG7DWmHYk8V.VrWN/x4tnykFciLTnF0qVj9dYoq.CCu"], ["email", "julie@email.gov"], ["updated_at", "2018-10-02 06:05:02.190577"], ["id", 6]]
  ↳ /Users/julianamorais/.rvm/gems/ruby-2.5.1/gems/activerecord-5.2.0/lib/active_record/log_subscriber.rb:98
  [1m[35m (6.4ms)[0m  [1m[35mCOMMIT[0m
  ↳ /Users/julianamorais/.rvm/gems/ruby-2.5.1/gems/activerecord-5.2.0/lib/active_record/log_subscriber.rb:98
  [1m[33mUser Store (2061.7ms)[0m  {"id":6}
Redirected to http://localhost:3000/
Completed 302 Found in 2667ms (ActiveRecord: 104.9ms)


Started GET "/" for 127.0.0.1 at 2018-10-01 23:05:04 -0700
Processing by ProjectsController#index as HTML
  Rendering projects/index.html.erb within layouts/application
  [1m[36mProject Load (0.5ms)[0m  [1m[34mSELECT "projects".* FROM "projects" ORDER BY "projects"."created_at" DESC[0m
  ↳ app/views/projects/index.html.erb:11
  [1m[36mUser Load (0.4ms)[0m  [1m[34mSELECT  "users".* FROM "users" WHERE "users"."id" = $1 LIMIT $2[0m  [["id", 6], ["LIMIT", 1]]
  ↳ app/views/projects/index.html.erb:13
  [1m[36mUser Load (0.5ms)[0m  [1m[34mSELECT  "users".* FROM "users" WHERE "users"."id" = $1 ORDER BY "users"."id" ASC LIMIT $2[0m  [["id", 6], ["LIMIT", 1]]
  ↳ app/views/projects/index.html.erb:30
  [1m[36mUser Load (0.4ms)[0m  [1m[34mSELECT  "users".* FROM "users" WHERE "users"."id" = $1 LIMIT $2[0m  [["id", 7], ["LIMIT", 1]]
  ↳ app/views/projects/index.html.erb:13
  [1m[36mCACHE User Load (0.0ms)[0m  [1m[34mSELECT  "users".* FROM "users" WHERE "users"."id" = $1 LIMIT $2[0m  [["id", 6], ["LIMIT", 1]]
  ↳ app/views/projects/index.html.erb:13
  [1m[36mUser Load (0.2ms)[0m  [1m[34mSELECT  "users".* FROM "users" WHERE "users"."id" = $1 LIMIT $2[0m  [["id", 9], ["LIMIT", 1]]
  ↳ app/views/projects/index.html.erb:13
  [1m[36mCACHE User Load (0.0ms)[0m  [1m[34mSELECT  "users".* FROM "users" WHERE "users"."id" = $1 LIMIT $2[0m  [["id", 6], ["LIMIT", 1]]
  ↳ app/views/projects/index.html.erb:13
  [1m[36mCACHE User Load (0.0ms)[0m  [1m[34mSELECT  "users".* FROM "users" WHERE "users"."id" = $1 LIMIT $2[0m  [["id", 6], ["LIMIT", 1]]
  ↳ app/views/projects/index.html.erb:13
  Rendered projects/index.html.erb within layouts/application (20.2ms)
  Rendered partials/_topnav.html.erb (2.8ms)
  Rendered partials/_footer.html.erb (1.0ms)
Completed 200 OK in 780ms (Views: 775.8ms | ActiveRecord: 2.1ms)


Started GET "/users/edit" for 127.0.0.1 at 2018-10-01 23:05:11 -0700
Processing by RegistrationsController#edit as HTML
  [1m[36mUser Load (3.5ms)[0m  [1m[34mSELECT  "users".* FROM "users" WHERE "users"."id" = $1 ORDER BY "users"."id" ASC LIMIT $2[0m  [["id", 6], ["LIMIT", 1]]
  ↳ /Users/julianamorais/.rvm/gems/ruby-2.5.1/gems/activerecord-5.2.0/lib/active_record/log_subscriber.rb:98
  Rendering devise/registrations/edit.html.erb within layouts/application
  [1m[35m (3.0ms)[0m  [1m[34mSELECT "tags"."id" FROM "tags" INNER JOIN "taggings" ON "tags"."id" = "taggings"."tag_id" WHERE "taggings"."user_id" = $1[0m  [["user_id", 6]]
  ↳ app/views/devise/registrations/edit.html.erb:33
  [1m[36mTag Load (1.0ms)[0m  [1m[34mSELECT "tags".* FROM "tags" ORDER BY "tags"."name" ASC[0m
  ↳ app/views/devise/registrations/edit.html.erb:33
  Rendered devise/registrations/edit.html.erb within layouts/application (28.3ms)
  Rendered partials/_topnav.html.erb (1.8ms)
  Rendered partials/_footer.html.erb (0.5ms)
Completed 200 OK in 614ms (Views: 586.7ms | ActiveRecord: 7.5ms)


Started GET "/projects" for 127.0.0.1 at 2018-10-01 23:05:21 -0700
Processing by ProjectsController#index as HTML
  Rendering projects/index.html.erb within layouts/application
  [1m[36mProject Load (3.2ms)[0m  [1m[34mSELECT "projects".* FROM "projects" ORDER BY "projects"."created_at" DESC[0m
  ↳ app/views/projects/index.html.erb:11
  [1m[36mUser Load (0.8ms)[0m  [1m[34mSELECT  "users".* FROM "users" WHERE "users"."id" = $1 LIMIT $2[0m  [["id", 6], ["LIMIT", 1]]
  ↳ app/views/projects/index.html.erb:13
  [1m[36mUser Load (1.3ms)[0m  [1m[34mSELECT  "users".* FROM "users" WHERE "users"."id" = $1 ORDER BY "users"."id" ASC LIMIT $2[0m  [["id", 6], ["LIMIT", 1]]
  ↳ app/views/projects/index.html.erb:30
  [1m[36mUser Load (0.8ms)[0m  [1m[34mSELECT  "users".* FROM "users" WHERE "users"."id" = $1 LIMIT $2[0m  [["id", 7], ["LIMIT", 1]]
  ↳ app/views/projects/index.html.erb:13
  [1m[36mCACHE User Load (0.0ms)[0m  [1m[34mSELECT  "users".* FROM "users" WHERE "users"."id" = $1 LIMIT $2[0m  [["id", 6], ["LIMIT", 1]]
  ↳ app/views/projects/index.html.erb:13
  [1m[36mUser Load (0.4ms)[0m  [1m[34mSELECT  "users".* FROM "users" WHERE "users"."id" = $1 LIMIT $2[0m  [["id", 9], ["LIMIT", 1]]
  ↳ app/views/projects/index.html.erb:13
  [1m[36mCACHE User Load (0.0ms)[0m  [1m[34mSELECT  "users".* FROM "users" WHERE "users"."id" = $1 LIMIT $2[0m  [["id", 6], ["LIMIT", 1]]
  ↳ app/views/projects/index.html.erb:13
  [1m[36mCACHE User Load (0.0ms)[0m  [1m[34mSELECT  "users".* FROM "users" WHERE "users"."id" = $1 LIMIT $2[0m  [["id", 6], ["LIMIT", 1]]
  ↳ app/views/projects/index.html.erb:13
  Rendered projects/index.html.erb within layouts/application (63.6ms)
  Rendered partials/_topnav.html.erb (5.5ms)
  Rendered partials/_footer.html.erb (0.7ms)
Completed 200 OK in 1191ms (Views: 1173.4ms | ActiveRecord: 6.9ms)


Started GET "/projects/39" for 127.0.0.1 at 2018-10-01 23:17:19 -0700
Processing by ProjectsController#show as HTML
  Parameters: {"id"=>"39"}
  [1m[36mProject Load (1.5ms)[0m  [1m[34mSELECT  "projects".* FROM "projects" WHERE "projects"."id" = $1 LIMIT $2[0m  [["id", 39], ["LIMIT", 1]]
  ↳ app/controllers/projects_controller.rb:74
  [1m[36mCACHE Project Load (0.0ms)[0m  [1m[34mSELECT  "projects".* FROM "projects" WHERE "projects"."id" = $1 LIMIT $2[0m  [["id", 39], ["LIMIT", 1]]
  ↳ app/controllers/projects_controller.rb:74
  Rendering projects/show.html.erb within layouts/application
  [1m[36mUser Load (7.4ms)[0m  [1m[34mSELECT "users".* FROM "users" INNER JOIN "teams" ON "users"."id" = "teams"."user_id" WHERE "teams"."project_id" = $1[0m  [["project_id", 39]]
  ↳ app/views/projects/show.html.erb:16
  [1m[36mNote Load (19.8ms)[0m  [1m[34mSELECT "notes".* FROM "notes" WHERE "notes"."project_id" = $1 ORDER BY "notes"."position" ASC[0m  [["project_id", 39]]
  ↳ app/views/projects/show.html.erb:57
  Rendered projects/show.html.erb within layouts/application (59.3ms)
  [1m[36mUser Load (1.0ms)[0m  [1m[34mSELECT  "users".* FROM "users" WHERE "users"."id" = $1 ORDER BY "users"."id" ASC LIMIT $2[0m  [["id", 6], ["LIMIT", 1]]
  ↳ app/views/partials/_topnav.html.erb:8
  Rendered partials/_topnav.html.erb (4.8ms)
  Rendered partials/_footer.html.erb (0.4ms)
Completed 200 OK in 1180ms (Views: 971.3ms | ActiveRecord: 46.8ms)


Started GET "/users/6" for 127.0.0.1 at 2018-10-01 23:51:19 -0700
Processing by UsersController#show as HTML
  Parameters: {"id"=>"6"}
  [1m[36mUser Load (2.0ms)[0m  [1m[34mSELECT  "users".* FROM "users" WHERE "users"."id" = $1 LIMIT $2[0m  [["id", 6], ["LIMIT", 1]]
  ↳ app/controllers/users_controller.rb:29
  [1m[36mUser Load (0.6ms)[0m  [1m[34mSELECT  "users".* FROM "users" WHERE "users"."id" = $1 ORDER BY "users"."id" ASC LIMIT $2[0m  [["id", 6], ["LIMIT", 1]]
  ↳ /Users/julianamorais/.rvm/gems/ruby-2.5.1/gems/activerecord-5.2.0/lib/active_record/log_subscriber.rb:98
  [1m[36mCACHE User Load (0.1ms)[0m  [1m[34mSELECT  "users".* FROM "users" WHERE "users"."id" = $1 LIMIT $2[0m  [["id", 6], ["LIMIT", 1]]
  ↳ app/controllers/users_controller.rb:29
  Rendering users/show.html.erb within layouts/application
  [1m[35m (1.2ms)[0m  [1m[34mSELECT COUNT(*) FROM "projects" INNER JOIN "teams" ON "projects"."id" = "teams"."project_id" WHERE "teams"."user_id" = $1[0m  [["user_id", 6]]
  ↳ app/views/users/show.html.erb:26
  [1m[36mTag Load (7.7ms)[0m  [1m[34mSELECT "tags".* FROM "tags" INNER JOIN "taggings" ON "tags"."id" = "taggings"."tag_id" WHERE "taggings"."user_id" = $1[0m  [["user_id", 6]]
  ↳ app/views/users/show.html.erb:41
  [1m[36mProject Load (0.7ms)[0m  [1m[34mSELECT "projects".* FROM "projects" ORDER BY "projects"."created_at" DESC[0m
  ↳ app/views/users/show.html.erb:61
  [1m[36mUser Load (0.5ms)[0m  [1m[34mSELECT  "users".* FROM "users" WHERE "users"."id" = $1 LIMIT $2[0m  [["id", 6], ["LIMIT", 1]]
  ↳ app/views/users/show.html.erb:63
  [1m[36mUser Load (1.2ms)[0m  [1m[34mSELECT  "users".* FROM "users" WHERE "users"."id" = $1 LIMIT $2[0m  [["id", 7], ["LIMIT", 1]]
  ↳ app/views/users/show.html.erb:63
  [1m[36mCACHE User Load (0.0ms)[0m  [1m[34mSELECT  "users".* FROM "users" WHERE "users"."id" = $1 LIMIT $2[0m  [["id", 6], ["LIMIT", 1]]
  ↳ app/views/users/show.html.erb:63
  [1m[36mUser Load (0.8ms)[0m  [1m[34mSELECT  "users".* FROM "users" WHERE "users"."id" = $1 LIMIT $2[0m  [["id", 9], ["LIMIT", 1]]
  ↳ app/views/users/show.html.erb:63
  [1m[36mCACHE User Load (0.0ms)[0m  [1m[34mSELECT  "users".* FROM "users" WHERE "users"."id" = $1 LIMIT $2[0m  [["id", 6], ["LIMIT", 1]]
  ↳ app/views/users/show.html.erb:63
  [1m[36mCACHE User Load (0.1ms)[0m  [1m[34mSELECT  "users".* FROM "users" WHERE "users"."id" = $1 LIMIT $2[0m  [["id", 6], ["LIMIT", 1]]
  ↳ app/views/users/show.html.erb:63
  Rendered users/_shoutouts.html.erb (0.7ms)
  [1m[36mCreateMessage Load (1.2ms)[0m  [1m[34mSELECT "create_messages".* FROM "create_messages" WHERE "create_messages"."is_public" = $1[0m  [["is_public", true]]
  ↳ app/views/users/show.html.erb:119
  [1m[36mCACHE User Load (0.0ms)[0m  [1m[34mSELECT  "users".* FROM "users" WHERE "users"."id" = $1 LIMIT $2[0m  [["id", 7], ["LIMIT", 1]]
  ↳ app/views/users/show.html.erb:121
  [1m[36mCACHE User Load (0.0ms)[0m  [1m[34mSELECT  "users".* FROM "users" WHERE "users"."id" = $1 LIMIT $2[0m  [["id", 9], ["LIMIT", 1]]
  ↳ app/views/users/show.html.erb:121
  [1m[36mCACHE User Load (0.0ms)[0m  [1m[34mSELECT  "users".* FROM "users" WHERE "users"."id" = $1 LIMIT $2[0m  [["id", 9], ["LIMIT", 1]]
  ↳ app/views/users/show.html.erb:121
  [1m[36mCACHE User Load (0.0ms)[0m  [1m[34mSELECT  "users".* FROM "users" WHERE "users"."id" = $1 LIMIT $2[0m  [["id", 7], ["LIMIT", 1]]
  ↳ app/views/users/show.html.erb:155
  [1m[36mCACHE User Load (0.0ms)[0m  [1m[34mSELECT  "users".* FROM "users" WHERE "users"."id" = $1 LIMIT $2[0m  [["id", 9], ["LIMIT", 1]]
  ↳ app/views/users/show.html.erb:155
  [1m[36mCACHE User Load (0.0ms)[0m  [1m[34mSELECT  "users".* FROM "users" WHERE "users"."id" = $1 LIMIT $2[0m  [["id", 9], ["LIMIT", 1]]
  ↳ app/views/users/show.html.erb:155
  Rendered users/show.html.erb within layouts/application (104.3ms)
  Rendered partials/_topnav.html.erb (1.7ms)
  Rendered partials/_footer.html.erb (0.6ms)
Completed 200 OK in 998ms (Views: 940.6ms | ActiveRecord: 17.0ms)


Started GET "/" for 127.0.0.1 at 2018-10-03 10:59:55 -0700
  [1m[35m (6.0ms)[0m  [1m[34mSELECT "schema_migrations"."version" FROM "schema_migrations" ORDER BY "schema_migrations"."version" ASC[0m
  ↳ /Users/julianamorais/.rvm/gems/ruby-2.5.1/gems/activerecord-5.2.0/lib/active_record/log_subscriber.rb:98
Processing by ProjectsController#index as HTML
  Rendering projects/index.html.erb within layouts/application
  [1m[36mProject Load (25.5ms)[0m  [1m[34mSELECT "projects".* FROM "projects" ORDER BY "projects"."created_at" DESC[0m
  ↳ app/views/projects/index.html.erb:11
  Rendered projects/index.html.erb within layouts/application (36.6ms)
  Rendered partials/_topnav.html.erb (6.7ms)
  Rendered partials/_footer.html.erb (0.5ms)
Completed 200 OK in 2806ms (Views: 2755.4ms | ActiveRecord: 29.7ms)


Started GET "/users/sign_in" for 127.0.0.1 at 2018-10-03 11:00:03 -0700
Processing by Users::SessionsController#new as HTML
  Rendering devise/sessions/new.html.erb within layouts/application
  Rendered devise/shared/_links.html.erb (1.9ms)
  Rendered devise/sessions/new.html.erb within layouts/application (246.1ms)
  Rendered partials/_topnav.html.erb (1.0ms)
  Rendered partials/_footer.html.erb (0.4ms)
Completed 200 OK in 825ms (Views: 769.5ms | ActiveRecord: 26.8ms)


Started POST "/users/sign_in" for 127.0.0.1 at 2018-10-03 11:00:12 -0700
Processing by Users::SessionsController#create as HTML
  Parameters: {"utf8"=>"✓", "authenticity_token"=>"x/JIQVtZ1pwiSBnbTQb2BRVH3JgTSSz0R+e1jqztufDf8uzypCXlqKSEJ3IKjYQwLwcyCh1x1fbfwwdVgTCE7w==", "user"=>{"email"=>"julie@email.gov", "password"=>"[FILTERED]"}, "commit"=>"Log in"}
  [1m[36mUser Load (28.7ms)[0m  [1m[34mSELECT  "users".* FROM "users" WHERE "users"."email" = $1 ORDER BY "users"."id" ASC LIMIT $2[0m  [["email", "julie@email.gov"], ["LIMIT", 1]]
  ↳ /Users/julianamorais/.rvm/gems/ruby-2.5.1/gems/activerecord-5.2.0/lib/active_record/log_subscriber.rb:98
Completed 401 Unauthorized in 37ms (ActiveRecord: 28.7ms)


Processing by Users::SessionsController#new as HTML
  Parameters: {"utf8"=>"✓", "authenticity_token"=>"x/JIQVtZ1pwiSBnbTQb2BRVH3JgTSSz0R+e1jqztufDf8uzypCXlqKSEJ3IKjYQwLwcyCh1x1fbfwwdVgTCE7w==", "user"=>{"email"=>"julie@email.gov", "password"=>"[FILTERED]"}, "commit"=>"Log in"}
  Rendering devise/sessions/new.html.erb within layouts/application
  Rendered devise/shared/_links.html.erb (1.3ms)
  Rendered devise/sessions/new.html.erb within layouts/application (6.3ms)
  Rendered partials/_topnav.html.erb (1.5ms)
  Rendered partials/_footer.html.erb (0.9ms)
Completed 200 OK in 723ms (Views: 526.9ms | ActiveRecord: 0.0ms)


Started POST "/users/sign_in" for 127.0.0.1 at 2018-10-03 11:00:55 -0700
Processing by Users::SessionsController#create as HTML
  Parameters: {"utf8"=>"✓", "authenticity_token"=>"boUs/PwqtUWcR/AIBnJBOrhK9UZtUMkXDHQ6QAUsRQ12hYhPA1aGcRqLzqFB+TMPggob1GNoMBWUUIibKPF4Eg==", "user"=>{"email"=>"lucastro@gmail.com", "password"=>"[FILTERED]"}, "commit"=>"Log in"}
  [1m[36mUser Load (3.8ms)[0m  [1m[34mSELECT  "users".* FROM "users" WHERE "users"."email" = $1 ORDER BY "users"."id" ASC LIMIT $2[0m  [["email", "lucastro@gmail.com"], ["LIMIT", 1]]
  ↳ /Users/julianamorais/.rvm/gems/ruby-2.5.1/gems/activerecord-5.2.0/lib/active_record/log_subscriber.rb:98
Completed 401 Unauthorized in 31ms (ActiveRecord: 3.8ms)


Processing by Users::SessionsController#new as HTML
  Parameters: {"utf8"=>"✓", "authenticity_token"=>"boUs/PwqtUWcR/AIBnJBOrhK9UZtUMkXDHQ6QAUsRQ12hYhPA1aGcRqLzqFB+TMPggob1GNoMBWUUIibKPF4Eg==", "user"=>{"email"=>"lucastro@gmail.com", "password"=>"[FILTERED]"}, "commit"=>"Log in"}
  Rendering devise/sessions/new.html.erb within layouts/application
  Rendered devise/shared/_links.html.erb (2.2ms)
  Rendered devise/sessions/new.html.erb within layouts/application (13.6ms)
  Rendered partials/_topnav.html.erb (0.9ms)
  Rendered partials/_footer.html.erb (0.6ms)
Completed 200 OK in 775ms (Views: 605.2ms | ActiveRecord: 0.0ms)


Started GET "/users/sign_up" for 127.0.0.1 at 2018-10-03 11:01:26 -0700
Processing by RegistrationsController#new as HTML
  Rendering devise/registrations/new.html.erb within layouts/application
  Rendered devise/shared/_links.html.erb (1.6ms)
  Rendered devise/registrations/new.html.erb within layouts/application (10.2ms)
  Rendered partials/_topnav.html.erb (1.5ms)
  Rendered partials/_footer.html.erb (0.7ms)
Completed 200 OK in 550ms (Views: 548.2ms | ActiveRecord: 0.0ms)


Started POST "/users" for 127.0.0.1 at 2018-10-03 11:02:00 -0700
Processing by RegistrationsController#create as HTML
  Parameters: {"utf8"=>"✓", "authenticity_token"=>"5sfykxpFLJFgNAjaAzreq4rPjPMFFIeIYcWZ7z8Sng7+x1Yg5Tkfpeb4NnNEsayesI9iYQssfor54Ss0Es+jEQ==", "user"=>{"name"=>"sometest", "username"=>"sometest", "email"=>"sometest@email.com", "password"=>"[FILTERED]", "password_confirmation"=>"[FILTERED]"}, "commit"=>"Sign up"}
  [1m[35m (1.0ms)[0m  [1m[35mBEGIN[0m
  ↳ /Users/julianamorais/.rvm/gems/ruby-2.5.1/gems/activerecord-5.2.0/lib/active_record/log_subscriber.rb:98
  [1m[36mUser Exists (2.3ms)[0m  [1m[34mSELECT  1 AS one FROM "users" WHERE "users"."email" = $1 LIMIT $2[0m  [["email", "sometest@email.com"], ["LIMIT", 1]]
  ↳ /Users/julianamorais/.rvm/gems/ruby-2.5.1/gems/activerecord-5.2.0/lib/active_record/log_subscriber.rb:98
  [1m[36mUser Create (50.2ms)[0m  [1m[32mINSERT INTO "users" ("email", "encrypted_password", "created_at", "updated_at", "name", "username") VALUES ($1, $2, $3, $4, $5, $6) RETURNING "id"[0m  [["email", "sometest@email.com"], ["encrypted_password", "$2a$11$s1d/F6YjwQfJqAccCG5xfeNdxyHA8l65eXH98UJuwT52NPyDkygTy"], ["created_at", "2018-10-03 18:02:00.474317"], ["updated_at", "2018-10-03 18:02:00.474317"], ["name", "sometest"], ["username", "sometest"]]
  ↳ /Users/julianamorais/.rvm/gems/ruby-2.5.1/gems/activerecord-5.2.0/lib/active_record/log_subscriber.rb:98
  [1m[35m (1.3ms)[0m  [1m[35mCOMMIT[0m
  ↳ /Users/julianamorais/.rvm/gems/ruby-2.5.1/gems/activerecord-5.2.0/lib/active_record/log_subscriber.rb:98
  [1m[33mUser Store (776.5ms)[0m  {"id":1}
  [1m[35m (0.3ms)[0m  [1m[35mBEGIN[0m
  ↳ /Users/julianamorais/.rvm/gems/ruby-2.5.1/gems/activerecord-5.2.0/lib/active_record/log_subscriber.rb:98
  [1m[36mUser Update (4.7ms)[0m  [1m[33mUPDATE "users" SET "sign_in_count" = $1, "current_sign_in_at" = $2, "last_sign_in_at" = $3, "current_sign_in_ip" = $4, "last_sign_in_ip" = $5, "updated_at" = $6 WHERE "users"."id" = $7[0m  [["sign_in_count", 1], ["current_sign_in_at", "2018-10-03 18:02:01.309526"], ["last_sign_in_at", "2018-10-03 18:02:01.309526"], ["current_sign_in_ip", "127.0.0.1/32"], ["last_sign_in_ip", "127.0.0.1/32"], ["updated_at", "2018-10-03 18:02:01.311518"], ["id", 1]]
  ↳ /Users/julianamorais/.rvm/gems/ruby-2.5.1/gems/activerecord-5.2.0/lib/active_record/log_subscriber.rb:98
  [1m[35m (0.5ms)[0m  [1m[35mCOMMIT[0m
  ↳ /Users/julianamorais/.rvm/gems/ruby-2.5.1/gems/activerecord-5.2.0/lib/active_record/log_subscriber.rb:98
  [1m[33mUser Store (53.8ms)[0m  {"id":1}
Redirected to http://localhost:3000/
Completed 302 Found in 1112ms (ActiveRecord: 60.4ms)


Started GET "/" for 127.0.0.1 at 2018-10-03 11:02:01 -0700
Processing by ProjectsController#index as HTML
  Rendering projects/index.html.erb within layouts/application
  [1m[36mProject Load (1.1ms)[0m  [1m[34mSELECT "projects".* FROM "projects" ORDER BY "projects"."created_at" DESC[0m
  ↳ app/views/projects/index.html.erb:11
  Rendered projects/index.html.erb within layouts/application (6.0ms)
  [1m[36mUser Load (3.3ms)[0m  [1m[34mSELECT  "users".* FROM "users" WHERE "users"."id" = $1 ORDER BY "users"."id" ASC LIMIT $2[0m  [["id", 1], ["LIMIT", 1]]
  ↳ app/views/partials/_topnav.html.erb:8
  Rendered partials/_topnav.html.erb (9.3ms)
  Rendered partials/_footer.html.erb (0.5ms)
Completed 200 OK in 623ms (Views: 612.3ms | ActiveRecord: 4.4ms)


Started GET "/projects" for 127.0.0.1 at 2018-10-03 11:02:21 -0700
Processing by ProjectsController#index as HTML
  Rendering projects/index.html.erb within layouts/application
  [1m[36mProject Load (1.9ms)[0m  [1m[34mSELECT "projects".* FROM "projects" ORDER BY "projects"."created_at" DESC[0m
  ↳ app/views/projects/index.html.erb:11
  Rendered projects/index.html.erb within layouts/application (6.1ms)
  [1m[36mUser Load (2.4ms)[0m  [1m[34mSELECT  "users".* FROM "users" WHERE "users"."id" = $1 ORDER BY "users"."id" ASC LIMIT $2[0m  [["id", 1], ["LIMIT", 1]]
  ↳ app/views/partials/_topnav.html.erb:8
  Rendered partials/_topnav.html.erb (6.6ms)
  Rendered partials/_footer.html.erb (0.5ms)
Completed 200 OK in 522ms (Views: 515.1ms | ActiveRecord: 4.3ms)


Started GET "/projects?utf8=%E2%9C%93&query=mini&commit=Search" for 127.0.0.1 at 2018-10-03 11:02:34 -0700
Processing by ProjectsController#index as HTML
  Parameters: {"utf8"=>"✓", "query"=>"mini", "commit"=>"Search"}
  Rendering projects/index.html.erb within layouts/application
  [1m[36mProject Load (14.9ms)[0m  [1m[34mSELECT "projects".* FROM "projects" WHERE (title LIKE '%mini%' OR description LIKE '%mini%')[0m
  ↳ app/views/projects/index.html.erb:11
  Rendered projects/index.html.erb within layouts/application (17.6ms)
  [1m[36mUser Load (0.7ms)[0m  [1m[34mSELECT  "users".* FROM "users" WHERE "users"."id" = $1 ORDER BY "users"."id" ASC LIMIT $2[0m  [["id", 1], ["LIMIT", 1]]
  ↳ app/views/partials/_topnav.html.erb:8
  Rendered partials/_topnav.html.erb (6.2ms)
  Rendered partials/_footer.html.erb (0.4ms)
Completed 200 OK in 589ms (Views: 571.4ms | ActiveRecord: 15.7ms)


Started GET "/users/1" for 127.0.0.1 at 2018-10-03 11:02:37 -0700
Processing by UsersController#show as HTML
  Parameters: {"id"=>"1"}
  [1m[36mUser Load (0.9ms)[0m  [1m[34mSELECT  "users".* FROM "users" WHERE "users"."id" = $1 LIMIT $2[0m  [["id", 1], ["LIMIT", 1]]
  ↳ app/controllers/users_controller.rb:29
  [1m[36mUser Load (1.7ms)[0m  [1m[34mSELECT  "users".* FROM "users" WHERE "users"."id" = $1 ORDER BY "users"."id" ASC LIMIT $2[0m  [["id", 1], ["LIMIT", 1]]
  ↳ /Users/julianamorais/.rvm/gems/ruby-2.5.1/gems/activerecord-5.2.0/lib/active_record/log_subscriber.rb:98
  [1m[36mCACHE User Load (0.0ms)[0m  [1m[34mSELECT  "users".* FROM "users" WHERE "users"."id" = $1 LIMIT $2[0m  [["id", 1], ["LIMIT", 1]]
  ↳ app/controllers/users_controller.rb:29
  Rendering users/show.html.erb within layouts/application
  [1m[35m (25.6ms)[0m  [1m[34mSELECT COUNT(*) FROM "projects" INNER JOIN "teams" ON "projects"."id" = "teams"."project_id" WHERE "teams"."user_id" = $1[0m  [["user_id", 1]]
  ↳ app/views/users/show.html.erb:26
  [1m[36mTag Load (14.5ms)[0m  [1m[34mSELECT "tags".* FROM "tags" INNER JOIN "taggings" ON "tags"."id" = "taggings"."tag_id" WHERE "taggings"."user_id" = $1[0m  [["user_id", 1]]
  ↳ app/views/users/show.html.erb:41
  [1m[36mProject Load (0.9ms)[0m  [1m[34mSELECT "projects".* FROM "projects" ORDER BY "projects"."created_at" DESC[0m
  ↳ app/views/users/show.html.erb:61
  Rendered users/_shoutouts.html.erb (0.9ms)
  [1m[36mCreateMessage Load (5.5ms)[0m  [1m[34mSELECT "create_messages".* FROM "create_messages" WHERE "create_messages"."is_public" = $1[0m  [["is_public", true]]
  ↳ app/views/users/show.html.erb:119
  Rendered users/show.html.erb within layouts/application (115.5ms)
  Rendered partials/_topnav.html.erb (0.9ms)
  Rendered partials/_footer.html.erb (0.5ms)
Completed 200 OK in 861ms (Views: 747.8ms | ActiveRecord: 81.8ms)


Started DELETE "/users/sign_out" for 127.0.0.1 at 2018-10-03 11:02:51 -0700
Processing by Users::SessionsController#destroy as HTML
  Parameters: {"authenticity_token"=>"CRhGFP37bOx2uX/mx7XD0YJHYXMQFwuD8r00ROwwnswRGOKnAodf2PB1QU+APrHkuAeP4R4v8oFqmYafwe2j0w=="}
  [1m[36mUser Load (2.7ms)[0m  [1m[34mSELECT  "users".* FROM "users" WHERE "users"."id" = $1 ORDER BY "users"."id" ASC LIMIT $2[0m  [["id", 1], ["LIMIT", 1]]
  ↳ /Users/julianamorais/.rvm/gems/ruby-2.5.1/gems/activerecord-5.2.0/lib/active_record/log_subscriber.rb:98
  [1m[35m (0.2ms)[0m  [1m[35mBEGIN[0m
  ↳ /Users/julianamorais/.rvm/gems/ruby-2.5.1/gems/activerecord-5.2.0/lib/active_record/log_subscriber.rb:98
  [1m[35m (0.2ms)[0m  [1m[35mCOMMIT[0m
  ↳ /Users/julianamorais/.rvm/gems/ruby-2.5.1/gems/activerecord-5.2.0/lib/active_record/log_subscriber.rb:98
  [1m[33mUser Store (308.4ms)[0m  {"id":1}
Redirected to http://localhost:3000/
Completed 302 Found in 325ms (Searchkick: 308.4ms | ActiveRecord: 3.1ms)


Started GET "/" for 127.0.0.1 at 2018-10-03 11:02:51 -0700
Processing by ProjectsController#index as HTML
  Rendering projects/index.html.erb within layouts/application
  [1m[36mProject Load (1.8ms)[0m  [1m[34mSELECT "projects".* FROM "projects" ORDER BY "projects"."created_at" DESC[0m
  ↳ app/views/projects/index.html.erb:11
  Rendered projects/index.html.erb within layouts/application (4.7ms)
  Rendered partials/_topnav.html.erb (1.7ms)
  Rendered partials/_footer.html.erb (4.9ms)
Completed 200 OK in 849ms (Views: 843.4ms | ActiveRecord: 1.8ms)


Started GET "/users/sign_in" for 127.0.0.1 at 2018-10-03 11:02:54 -0700
Processing by Users::SessionsController#new as HTML
  Rendering devise/sessions/new.html.erb within layouts/application
  Rendered devise/shared/_links.html.erb (1.5ms)
  Rendered devise/sessions/new.html.erb within layouts/application (6.4ms)
  Rendered partials/_topnav.html.erb (1.8ms)
  Rendered partials/_footer.html.erb (0.8ms)
Completed 200 OK in 483ms (Views: 481.4ms | ActiveRecord: 0.0ms)


Started POST "/users/sign_in" for 127.0.0.1 at 2018-10-03 11:03:01 -0700
Processing by Users::SessionsController#create as HTML
  Parameters: {"utf8"=>"✓", "authenticity_token"=>"Nic027cBc8BqXIFVa4r0mDyCAsbWlrVhbLx+6o6htGrbmx2+1+y8THTbYd7/sBlRc2lvTPpWhiLEd0Ocek1uOQ==", "user"=>{"email"=>"sometest@email.com", "password"=>"[FILTERED]"}, "commit"=>"Log in"}
  [1m[36mUser Load (14.1ms)[0m  [1m[34mSELECT  "users".* FROM "users" WHERE "users"."email" = $1 ORDER BY "users"."id" ASC LIMIT $2[0m  [["email", "sometest@email.com"], ["LIMIT", 1]]
  ↳ /Users/julianamorais/.rvm/gems/ruby-2.5.1/gems/activerecord-5.2.0/lib/active_record/log_subscriber.rb:98
  [1m[35m (0.3ms)[0m  [1m[35mBEGIN[0m
  ↳ /Users/julianamorais/.rvm/gems/ruby-2.5.1/gems/activerecord-5.2.0/lib/active_record/log_subscriber.rb:98
  [1m[36mUser Update (0.9ms)[0m  [1m[33mUPDATE "users" SET "current_sign_in_at" = $1, "sign_in_count" = $2, "updated_at" = $3 WHERE "users"."id" = $4[0m  [["current_sign_in_at", "2018-10-03 18:03:01.769440"], ["sign_in_count", 2], ["updated_at", "2018-10-03 18:03:01.772138"], ["id", 1]]
  ↳ /Users/julianamorais/.rvm/gems/ruby-2.5.1/gems/activerecord-5.2.0/lib/active_record/log_subscriber.rb:98
  [1m[35m (8.6ms)[0m  [1m[35mCOMMIT[0m
  ↳ /Users/julianamorais/.rvm/gems/ruby-2.5.1/gems/activerecord-5.2.0/lib/active_record/log_subscriber.rb:98
  [1m[33mUser Store (287.6ms)[0m  {"id":1}
Redirected to http://localhost:3000/
Completed 302 Found in 563ms (ActiveRecord: 23.9ms)


Started GET "/" for 127.0.0.1 at 2018-10-03 11:03:02 -0700
Processing by ProjectsController#index as HTML
  Rendering projects/index.html.erb within layouts/application
  [1m[36mProject Load (0.6ms)[0m  [1m[34mSELECT "projects".* FROM "projects" ORDER BY "projects"."created_at" DESC[0m
  ↳ app/views/projects/index.html.erb:11
  Rendered projects/index.html.erb within layouts/application (5.4ms)
  [1m[36mUser Load (0.8ms)[0m  [1m[34mSELECT  "users".* FROM "users" WHERE "users"."id" = $1 ORDER BY "users"."id" ASC LIMIT $2[0m  [["id", 1], ["LIMIT", 1]]
  ↳ app/views/partials/_topnav.html.erb:8
  Rendered partials/_topnav.html.erb (4.4ms)
  Rendered partials/_footer.html.erb (0.8ms)
Completed 200 OK in 784ms (Views: 779.9ms | ActiveRecord: 1.4ms)


  [1m[36mUser Load (0.9ms)[0m  [1m[34mSELECT "users".* FROM "users"[0m
Started GET "/" for 127.0.0.1 at 2018-11-16 18:49:49 -0800
  [1m[35m (4.0ms)[0m  [1m[34mSELECT "schema_migrations"."version" FROM "schema_migrations" ORDER BY "schema_migrations"."version" ASC[0m
  ↳ /Users/julianamorais/.rvm/gems/ruby-2.5.1/gems/activerecord-5.2.0/lib/active_record/log_subscriber.rb:98
Processing by ProjectsController#index as HTML
  Rendering projects/index.html.erb within layouts/application
  [1m[36mProject Load (31.2ms)[0m  [1m[34mSELECT "projects".* FROM "projects" ORDER BY "projects"."created_at" DESC[0m
  ↳ app/views/projects/index.html.erb:11
  Rendered projects/index.html.erb within layouts/application (40.9ms)
Completed 500 Internal Server Error in 24240ms (ActiveRecord: 35.0ms)



Sprockets::FileNotFound - couldn't find file 'd3' with type 'application/javascript'
Checked in these paths: 
  /Users/julianamorais/brainstor-me/app/assets/config
  /Users/julianamorais/brainstor-me/app/assets/images
  /Users/julianamorais/brainstor-me/app/assets/javascripts
  /Users/julianamorais/brainstor-me/app/assets/stylesheets
  /Users/julianamorais/.rvm/gems/ruby-2.5.1/gems/interact-rails-0.0.1/vendor/assets/javascripts
  /Users/julianamorais/.rvm/gems/ruby-2.5.1/gems/wysiwyg-rails-2.8.4/app/assets/javascripts
  /Users/julianamorais/.rvm/gems/ruby-2.5.1/gems/wysiwyg-rails-2.8.4/app/assets/stylesheets
  /Users/julianamorais/.rvm/gems/ruby-2.5.1/gems/animate-rails-1.0.10/app/assets/stylesheets
  /Users/julianamorais/.rvm/gems/ruby-2.5.1/gems/chosen-rails-1.8.3/vendor/assets/images
  /Users/julianamorais/.rvm/gems/ruby-2.5.1/gems/chosen-rails-1.8.3/vendor/assets/javascripts
  /Users/julianamorais/.rvm/gems/ruby-2.5.1/gems/chosen-rails-1.8.3/vendor/assets/stylesheets
  /Users/julianamorais/.rvm/gems/ruby-2.5.1/gems/jquery-ui-rails-5.0.5/app/assets/images
  /Users/julianamorais/.rvm/gems/ruby-2.5.1/gems/jquery-ui-rails-5.0.5/app/assets/javascripts
  /Users/julianamorais/.rvm/gems/ruby-2.5.1/gems/jquery-ui-rails-5.0.5/app/assets/stylesheets
  /Users/julianamorais/.rvm/gems/ruby-2.5.1/gems/jquery-rails-4.3.3/vendor/assets/javascripts
  /Users/julianamorais/.rvm/gems/ruby-2.5.1/gems/coffee-rails-4.2.2/lib/assets/javascripts
  /Users/julianamorais/.rvm/gems/ruby-2.5.1/gems/actioncable-5.2.0/lib/assets/compiled
  /Users/julianamorais/.rvm/gems/ruby-2.5.1/gems/activestorage-5.2.0/app/assets/javascripts
  /Users/julianamorais/.rvm/gems/ruby-2.5.1/gems/actionview-5.2.0/lib/assets/compiled
  /Users/julianamorais/brainstor-me/vendor/assets/components
  /Users/julianamorais/brainstor-me/lib/assets/bower_components
  /Users/julianamorais/brainstor-me/vendor/assets/bower_components
  /Users/julianamorais/brainstor-me/node_modules
  /Users/julianamorais/.rvm/gems/ruby-2.5.1/gems/font-awesome-sass-5.0.13/assets/stylesheets
  /Users/julianamorais/.rvm/gems/ruby-2.5.1/gems/font-awesome-sass-5.0.13/assets/fonts
  /Users/julianamorais/.rvm/gems/ruby-2.5.1/gems/materialize-sass-1.0.0.rc2/assets/stylesheets
  /Users/julianamorais/.rvm/gems/ruby-2.5.1/gems/materialize-sass-1.0.0.rc2/assets/javascripts:
  app/assets/javascripts/application.js:22:in `'
  app/views/layouts/application.html.erb:8:in `_app_views_layouts_application_html_erb__3772604355638903412_70366577188640'

Started POST "/__better_errors/958766715d5a02ab/variables" for 127.0.0.1 at 2018-11-16 18:50:15 -0800
  [1m[36mShoutout Load (11.3ms)[0m  [1m[34mSELECT  "shoutouts".* FROM "shoutouts" LIMIT $1[0m  [["LIMIT", 11]]
  ↳ /Users/julianamorais/.rvm/gems/ruby-2.5.1/gems/activerecord-5.2.0/lib/active_record/log_subscriber.rb:98
  [1m[36mUser Load (2.5ms)[0m  [1m[34mSELECT  "users".* FROM "users" LIMIT $1[0m  [["LIMIT", 11]]
  ↳ /Users/julianamorais/.rvm/gems/ruby-2.5.1/gems/activerecord-5.2.0/lib/active_record/log_subscriber.rb:98
Started GET "/" for 127.0.0.1 at 2018-11-16 18:51:32 -0800
Processing by ProjectsController#index as HTML
  Rendering projects/index.html.erb within layouts/application
  [1m[36mProject Load (0.5ms)[0m  [1m[34mSELECT "projects".* FROM "projects" ORDER BY "projects"."created_at" DESC[0m
  ↳ app/views/projects/index.html.erb:11
  Rendered projects/index.html.erb within layouts/application (3.2ms)
Completed 500 Internal Server Error in 119ms (ActiveRecord: 0.5ms)



Sprockets::FileNotFound - couldn't find file 'underscore' with type 'application/javascript'
Checked in these paths: 
  /Users/julianamorais/brainstor-me/app/assets/config
  /Users/julianamorais/brainstor-me/app/assets/images
  /Users/julianamorais/brainstor-me/app/assets/javascripts
  /Users/julianamorais/brainstor-me/app/assets/stylesheets
  /Users/julianamorais/.rvm/gems/ruby-2.5.1/gems/interact-rails-0.0.1/vendor/assets/javascripts
  /Users/julianamorais/.rvm/gems/ruby-2.5.1/gems/wysiwyg-rails-2.8.4/app/assets/javascripts
  /Users/julianamorais/.rvm/gems/ruby-2.5.1/gems/wysiwyg-rails-2.8.4/app/assets/stylesheets
  /Users/julianamorais/.rvm/gems/ruby-2.5.1/gems/animate-rails-1.0.10/app/assets/stylesheets
  /Users/julianamorais/.rvm/gems/ruby-2.5.1/gems/chosen-rails-1.8.3/vendor/assets/images
  /Users/julianamorais/.rvm/gems/ruby-2.5.1/gems/chosen-rails-1.8.3/vendor/assets/javascripts
  /Users/julianamorais/.rvm/gems/ruby-2.5.1/gems/chosen-rails-1.8.3/vendor/assets/stylesheets
  /Users/julianamorais/.rvm/gems/ruby-2.5.1/gems/jquery-ui-rails-5.0.5/app/assets/images
  /Users/julianamorais/.rvm/gems/ruby-2.5.1/gems/jquery-ui-rails-5.0.5/app/assets/javascripts
  /Users/julianamorais/.rvm/gems/ruby-2.5.1/gems/jquery-ui-rails-5.0.5/app/assets/stylesheets
  /Users/julianamorais/.rvm/gems/ruby-2.5.1/gems/jquery-rails-4.3.3/vendor/assets/javascripts
  /Users/julianamorais/.rvm/gems/ruby-2.5.1/gems/coffee-rails-4.2.2/lib/assets/javascripts
  /Users/julianamorais/.rvm/gems/ruby-2.5.1/gems/actioncable-5.2.0/lib/assets/compiled
  /Users/julianamorais/.rvm/gems/ruby-2.5.1/gems/activestorage-5.2.0/app/assets/javascripts
  /Users/julianamorais/.rvm/gems/ruby-2.5.1/gems/actionview-5.2.0/lib/assets/compiled
  /Users/julianamorais/brainstor-me/vendor/assets/components
  /Users/julianamorais/brainstor-me/lib/assets/bower_components
  /Users/julianamorais/brainstor-me/vendor/assets/bower_components
  /Users/julianamorais/brainstor-me/node_modules
  /Users/julianamorais/.rvm/gems/ruby-2.5.1/gems/font-awesome-sass-5.0.13/assets/stylesheets
  /Users/julianamorais/.rvm/gems/ruby-2.5.1/gems/font-awesome-sass-5.0.13/assets/fonts
  /Users/julianamorais/.rvm/gems/ruby-2.5.1/gems/materialize-sass-1.0.0.rc2/assets/stylesheets
  /Users/julianamorais/.rvm/gems/ruby-2.5.1/gems/materialize-sass-1.0.0.rc2/assets/javascripts:
  app/assets/javascripts/application.js:22:in `'
  app/views/layouts/application.html.erb:8:in `_app_views_layouts_application_html_erb__3772604355638903412_70366568887680'

Started POST "/__better_errors/15604d5b9adf4083/variables" for 127.0.0.1 at 2018-11-16 18:51:33 -0800
  [1m[36mShoutout Load (0.8ms)[0m  [1m[34mSELECT  "shoutouts".* FROM "shoutouts" LIMIT $1[0m  [["LIMIT", 11]]
  ↳ /Users/julianamorais/.rvm/gems/ruby-2.5.1/gems/activerecord-5.2.0/lib/active_record/log_subscriber.rb:98
  [1m[36mUser Load (1.2ms)[0m  [1m[34mSELECT  "users".* FROM "users" LIMIT $1[0m  [["LIMIT", 11]]
  ↳ /Users/julianamorais/.rvm/gems/ruby-2.5.1/gems/activerecord-5.2.0/lib/active_record/log_subscriber.rb:98
Started GET "/" for 127.0.0.1 at 2018-11-16 18:51:43 -0800
Processing by ProjectsController#index as HTML
  Rendering projects/index.html.erb within layouts/application
  [1m[36mProject Load (0.4ms)[0m  [1m[34mSELECT "projects".* FROM "projects" ORDER BY "projects"."created_at" DESC[0m
  ↳ app/views/projects/index.html.erb:11
  Rendered projects/index.html.erb within layouts/application (3.1ms)
Started GET "/" for 127.0.0.1 at 2018-11-16 18:52:05 -0800
Processing by ProjectsController#index as HTML
  Rendering projects/index.html.erb within layouts/application
  [1m[36mProject Load (1.2ms)[0m  [1m[34mSELECT "projects".* FROM "projects" ORDER BY "projects"."created_at" DESC[0m
  ↳ app/views/projects/index.html.erb:11
  Rendered projects/index.html.erb within layouts/application (4.5ms)
  [1m[36mUser Load (3.1ms)[0m  [1m[34mSELECT  "users".* FROM "users" WHERE "users"."id" = $1 ORDER BY "users"."id" ASC LIMIT $2[0m  [["id", 1], ["LIMIT", 1]]
  ↳ app/views/partials/_topnav.html.erb:8
  Rendered partials/_topnav.html.erb (9.2ms)
  Rendered partials/_footer.html.erb (0.4ms)
Completed 200 OK in 26701ms (Views: 26693.4ms | ActiveRecord: 3.5ms)


  [1m[36mUser Load (1.1ms)[0m  [1m[34mSELECT  "users".* FROM "users" WHERE "users"."id" = $1 ORDER BY "users"."id" ASC LIMIT $2[0m  [["id", 1], ["LIMIT", 1]]
  ↳ app/views/partials/_topnav.html.erb:8
  Rendered partials/_topnav.html.erb (3.4ms)
  Rendered partials/_footer.html.erb (0.3ms)
Completed 200 OK in 4636ms (Views: 4631.7ms | ActiveRecord: 2.4ms)


Started GET "/projects" for 127.0.0.1 at 2018-11-16 18:52:28 -0800
Processing by ProjectsController#index as HTML
  Rendering projects/index.html.erb within layouts/application
  [1m[36mProject Load (1.4ms)[0m  [1m[34mSELECT "projects".* FROM "projects" ORDER BY "projects"."created_at" DESC[0m
  ↳ app/views/projects/index.html.erb:11
  Rendered projects/index.html.erb within layouts/application (6.6ms)
  [1m[36mUser Load (1.3ms)[0m  [1m[34mSELECT  "users".* FROM "users" WHERE "users"."id" = $1 ORDER BY "users"."id" ASC LIMIT $2[0m  [["id", 1], ["LIMIT", 1]]
  ↳ app/views/partials/_topnav.html.erb:8
  Rendered partials/_topnav.html.erb (4.1ms)
  Rendered partials/_footer.html.erb (0.5ms)
Completed 200 OK in 476ms (Views: 470.6ms | ActiveRecord: 2.7ms)


Started GET "/projects" for 127.0.0.1 at 2018-11-16 18:52:35 -0800
Processing by ProjectsController#index as HTML
  Rendering projects/index.html.erb within layouts/application
  [1m[36mProject Load (0.7ms)[0m  [1m[34mSELECT "projects".* FROM "projects" ORDER BY "projects"."created_at" DESC[0m
  ↳ app/views/projects/index.html.erb:11
  Rendered projects/index.html.erb within layouts/application (3.1ms)
  [1m[36mUser Load (0.7ms)[0m  [1m[34mSELECT  "users".* FROM "users" WHERE "users"."id" = $1 ORDER BY "users"."id" ASC LIMIT $2[0m  [["id", 1], ["LIMIT", 1]]
  ↳ app/views/partials/_topnav.html.erb:8
  Rendered partials/_topnav.html.erb (4.0ms)
  Rendered partials/_footer.html.erb (0.5ms)
Completed 200 OK in 489ms (Views: 485.6ms | ActiveRecord: 1.3ms)


Started GET "/shoutouts" for 127.0.0.1 at 2018-11-16 18:52:49 -0800
Processing by ShoutoutsController#index as HTML
  [1m[36mUser Load (1.7ms)[0m  [1m[34mSELECT  "users".* FROM "users" WHERE "users"."id" = $1 ORDER BY "users"."id" ASC LIMIT $2[0m  [["id", 1], ["LIMIT", 1]]
  ↳ /Users/julianamorais/.rvm/gems/ruby-2.5.1/gems/activerecord-5.2.0/lib/active_record/log_subscriber.rb:98
  Rendering shoutouts/index.html.erb within layouts/application
  [1m[36mUser Load (1.1ms)[0m  [1m[34mSELECT "users".* FROM "users" ORDER BY "users"."created_at" DESC[0m
  ↳ app/views/shoutouts/index.html.erb:12
  Rendered shoutouts/index.html.erb within layouts/application (4.9ms)
  Rendered partials/_topnav.html.erb (1.7ms)
  Rendered partials/_footer.html.erb (0.8ms)
Completed 200 OK in 423ms (Views: 407.6ms | ActiveRecord: 2.8ms)


Started GET "/projects/new" for 127.0.0.1 at 2018-11-16 18:52:53 -0800
Processing by ProjectsController#new as HTML
  [1m[36mUser Load (1.0ms)[0m  [1m[34mSELECT  "users".* FROM "users" WHERE "users"."id" = $1 ORDER BY "users"."id" ASC LIMIT $2[0m  [["id", 1], ["LIMIT", 1]]
  ↳ app/controllers/projects_controller.rb:7
  Rendering projects/new.html.erb within layouts/application
  [1m[36mUser Load (6.7ms)[0m  [1m[34mSELECT "users".* FROM "users" ORDER BY "users"."name" ASC[0m
  ↳ app/views/projects/_form.html.erb:43
  Rendered projects/_form.html.erb (261.7ms)
  Rendered projects/new.html.erb within layouts/application (264.1ms)
  Rendered partials/_topnav.html.erb (1.6ms)
  Rendered partials/_footer.html.erb (0.7ms)
Completed 200 OK in 817ms (Views: 765.3ms | ActiveRecord: 12.7ms)


Started GET "/users/edit" for 127.0.0.1 at 2018-11-16 18:52:58 -0800
Processing by RegistrationsController#edit as HTML
  [1m[36mUser Load (0.5ms)[0m  [1m[34mSELECT  "users".* FROM "users" WHERE "users"."id" = $1 ORDER BY "users"."id" ASC LIMIT $2[0m  [["id", 1], ["LIMIT", 1]]
  ↳ /Users/julianamorais/.rvm/gems/ruby-2.5.1/gems/activerecord-5.2.0/lib/active_record/log_subscriber.rb:98
  Rendering devise/registrations/edit.html.erb within layouts/application
  [1m[35m (30.0ms)[0m  [1m[34mSELECT "tags"."id" FROM "tags" INNER JOIN "taggings" ON "tags"."id" = "taggings"."tag_id" WHERE "taggings"."user_id" = $1[0m  [["user_id", 1]]
  ↳ app/views/devise/registrations/edit.html.erb:33
  [1m[36mTag Load (0.9ms)[0m  [1m[34mSELECT "tags".* FROM "tags" ORDER BY "tags"."name" ASC[0m
  ↳ app/views/devise/registrations/edit.html.erb:33
  Rendered devise/registrations/edit.html.erb within layouts/application (71.3ms)
  Rendered partials/_topnav.html.erb (1.6ms)
  Rendered partials/_footer.html.erb (0.6ms)
Completed 200 OK in 508ms (Views: 464.4ms | ActiveRecord: 40.0ms)


